2026-03-16 12:43:40,594 CRIT Supervisor is running as root.  Privileges were not dropped because no user is specified in the config file.  If you intend to run as root, you can set user=root in the config file to avoid this message.
2026-03-16 12:43:40,598 INFO supervisord started with pid 1
2026-03-16 12:43:41,602 INFO spawned: 'php-fpm' with pid 6
2026-03-16 12:43:41,605 INFO spawned: 'queue' with pid 7
2026-03-16 12:43:41,606 INFO spawned: 'timer' with pid 8
2026-03-16 12:43:41,607 INFO spawned: 'workerman' with pid 9
2026-03-16 12:43:42,575 INFO exited: timer (exit status 0; not expected)
2026-03-16 12:43:42,597 INFO gave up: timer entered FATAL state, too many start retries too quickly
2026-03-16 12:43:42,668 INFO success: php-fpm entered RUNNING state, process has stayed up for > than 1 seconds (startsecs)
2026-03-16 12:43:42,669 INFO success: queue entered RUNNING state, process has stayed up for > than 1 seconds (startsecs)
2026-03-16 12:43:42,669 INFO success: workerman entered RUNNING state, process has stayed up for > than 1 seconds (startsecs)
2026-03-16 12:43:42,670 INFO exited: workerman (exit status 0; expected)
2026-03-16 12:43:42,670 INFO reaped unknown pid 13 (exit status 0)
2026-03-16 12:45:37,779 WARN received SIGQUIT indicating exit request
2026-03-16 12:45:37,779 INFO waiting for php-fpm, queue to die
2026-03-16 12:45:37,906 INFO stopped: queue (terminated by SIGTERM)
2026-03-16 12:45:37,927 INFO stopped: php-fpm (exit status 0)
2026-03-16 12:45:37,927 INFO reaped unknown pid 63 (exit status 255)
2026-03-16 12:46:49,544 CRIT Supervisor is running as root.  Privileges were not dropped because no user is specified in the config file.  If you intend to run as root, you can set user=root in the config file to avoid this message.
2026-03-16 12:46:49,546 INFO supervisord started with pid 1
2026-03-16 12:46:50,550 INFO spawned: 'php-fpm' with pid 7
2026-03-16 12:46:50,553 INFO spawned: 'queue' with pid 8
2026-03-16 12:46:50,555 INFO spawned: 'timer' with pid 9
2026-03-16 12:46:50,557 INFO spawned: 'workerman' with pid 10
2026-03-16 12:46:52,458 INFO success: php-fpm entered RUNNING state, process has stayed up for > than 1 seconds (startsecs)
2026-03-16 12:46:52,459 INFO success: queue entered RUNNING state, process has stayed up for > than 1 seconds (startsecs)
2026-03-16 12:46:52,459 INFO success: timer entered RUNNING state, process has stayed up for > than 1 seconds (startsecs)
2026-03-16 12:46:52,459 INFO success: workerman entered RUNNING state, process has stayed up for > than 1 seconds (startsecs)
2026-03-16 12:46:52,460 INFO exited: workerman (exit status 0; expected)
2026-03-16 12:54:17,358 WARN received SIGQUIT indicating exit request
2026-03-16 12:54:17,359 INFO waiting for php-fpm, queue, timer to die
2026-03-16 12:54:18,785 CRIT Supervisor is running as root.  Privileges were not dropped because no user is specified in the config file.  If you intend to run as root, you can set user=root in the config file to avoid this message.
2026-03-16 12:54:18,789 INFO supervisord started with pid 1
2026-03-16 12:54:19,792 INFO spawned: 'php-fpm' with pid 7
2026-03-16 12:54:19,794 INFO spawned: 'queue' with pid 8
2026-03-16 12:54:19,795 INFO spawned: 'timer' with pid 9
2026-03-16 12:54:19,810 INFO spawned: 'workerman' with pid 10
2026-03-16 12:54:21,462 INFO success: php-fpm entered RUNNING state, process has stayed up for > than 1 seconds (startsecs)
2026-03-16 12:54:21,464 INFO success: queue entered RUNNING state, process has stayed up for > than 1 seconds (startsecs)
2026-03-16 12:54:21,464 INFO success: timer entered RUNNING state, process has stayed up for > than 1 seconds (startsecs)
2026-03-16 12:54:21,465 INFO success: workerman entered RUNNING state, process has stayed up for > than 1 seconds (startsecs)
2026-03-16 12:54:21,465 INFO exited: workerman (exit status 0; expected)
2026-03-16 12:59:06,732 WARN received SIGQUIT indicating exit request
2026-03-16 12:59:06,732 INFO waiting for php-fpm, queue, timer to die
2026-03-16 12:59:09,231 CRIT Supervisor is running as root.  Privileges were not dropped because no user is specified in the config file.  If you intend to run as root, you can set user=root in the config file to avoid this message.
2026-03-16 12:59:09,240 INFO supervisord started with pid 1
2026-03-16 12:59:10,243 INFO spawned: 'php-fpm' with pid 7
2026-03-16 12:59:10,245 INFO spawned: 'queue' with pid 8
2026-03-16 12:59:10,246 INFO spawned: 'timer' with pid 9
2026-03-16 12:59:10,247 INFO spawned: 'workerman' with pid 10
2026-03-16 12:59:11,836 INFO success: php-fpm entered RUNNING state, process has stayed up for > than 1 seconds (startsecs)
2026-03-16 12:59:11,838 INFO success: queue entered RUNNING state, process has stayed up for > than 1 seconds (startsecs)
2026-03-16 12:59:11,838 INFO success: timer entered RUNNING state, process has stayed up for > than 1 seconds (startsecs)
2026-03-16 12:59:11,838 INFO success: workerman entered RUNNING state, process has stayed up for > than 1 seconds (startsecs)
2026-03-16 12:59:11,838 INFO exited: workerman (exit status 0; expected)
2026-03-16 13:03:06,057 WARN received SIGQUIT indicating exit request
2026-03-16 13:03:06,058 INFO waiting for php-fpm, queue, timer to die
2026-03-16 13:03:06,477 INFO stopped: timer (exit status 0)
2026-03-16 13:03:06,480 INFO stopped: queue (terminated by SIGTERM)
2026-03-16 13:03:06,481 INFO reaped unknown pid 91 (exit status 0)
2026-03-16 13:03:06,489 INFO stopped: php-fpm (exit status 0)
2026-03-16 13:03:07,720 CRIT Supervisor is running as root.  Privileges were not dropped because no user is specified in the config file.  If you intend to run as root, you can set user=root in the config file to avoid this message.
2026-03-16 13:03:07,723 INFO supervisord started with pid 1
2026-03-16 13:03:08,724 INFO spawned: 'php-fpm' with pid 7
2026-03-16 13:03:08,727 INFO spawned: 'queue' with pid 8
2026-03-16 13:03:08,728 INFO spawned: 'timer' with pid 9
2026-03-16 13:03:08,729 INFO spawned: 'workerman' with pid 10
2026-03-16 13:03:09,213 INFO exited: workerman (exit status 0; not expected)
2026-03-16 13:03:09,213 INFO reaped unknown pid 15 (exit status 0)
2026-03-16 13:03:09,214 INFO gave up: workerman entered FATAL state, too many start retries too quickly
2026-03-16 13:03:10,215 INFO success: php-fpm entered RUNNING state, process has stayed up for > than 1 seconds (startsecs)
2026-03-16 13:03:10,216 INFO success: queue entered RUNNING state, process has stayed up for > than 1 seconds (startsecs)
2026-03-16 13:03:10,216 INFO success: timer entered RUNNING state, process has stayed up for > than 1 seconds (startsecs)
2026-03-16 13:03:46,411 WARN received SIGQUIT indicating exit request
2026-03-16 13:03:46,412 INFO waiting for php-fpm, queue, timer to die
2026-03-16 13:03:52,818 CRIT Supervisor is running as root.  Privileges were not dropped because no user is specified in the config file.  If you intend to run as root, you can set user=root in the config file to avoid this message.
2026-03-16 13:03:52,821 INFO supervisord started with pid 1
2026-03-16 13:03:53,823 INFO spawned: 'php-fpm' with pid 7
2026-03-16 13:03:53,827 INFO spawned: 'queue' with pid 8
2026-03-16 13:03:53,828 INFO spawned: 'timer' with pid 9
2026-03-16 13:03:53,829 INFO spawned: 'workerman' with pid 10
2026-03-16 13:03:54,278 INFO exited: workerman (exit status 0; not expected)
2026-03-16 13:03:54,278 INFO reaped unknown pid 15 (exit status 0)
2026-03-16 13:03:54,279 INFO gave up: workerman entered FATAL state, too many start retries too quickly
2026-03-16 13:03:55,283 INFO success: php-fpm entered RUNNING state, process has stayed up for > than 1 seconds (startsecs)
2026-03-16 13:03:55,285 INFO success: queue entered RUNNING state, process has stayed up for > than 1 seconds (startsecs)
2026-03-16 13:03:55,285 INFO success: timer entered RUNNING state, process has stayed up for > than 1 seconds (startsecs)
2026-03-16 13:04:13,146 WARN received SIGQUIT indicating exit request
2026-03-16 13:04:13,146 INFO waiting for php-fpm, queue, timer to die
2026-03-16 13:04:15,815 CRIT Supervisor is running as root.  Privileges were not dropped because no user is specified in the config file.  If you intend to run as root, you can set user=root in the config file to avoid this message.
2026-03-16 13:04:15,817 INFO supervisord started with pid 1
2026-03-16 13:04:16,820 INFO spawned: 'php-fpm' with pid 7
2026-03-16 13:04:16,821 INFO spawned: 'queue' with pid 8
2026-03-16 13:04:16,822 INFO spawned: 'timer' with pid 9
2026-03-16 13:04:16,823 INFO spawned: 'workerman' with pid 10
2026-03-16 13:04:17,389 INFO exited: workerman (exit status 0; not expected)
2026-03-16 13:04:17,389 INFO reaped unknown pid 15 (exit status 0)
2026-03-16 13:04:17,392 INFO gave up: workerman entered FATAL state, too many start retries too quickly
2026-03-16 13:04:18,395 INFO success: php-fpm entered RUNNING state, process has stayed up for > than 1 seconds (startsecs)
2026-03-16 13:04:18,395 INFO success: queue entered RUNNING state, process has stayed up for > than 1 seconds (startsecs)
2026-03-16 13:04:18,395 INFO success: timer entered RUNNING state, process has stayed up for > than 1 seconds (startsecs)
2026-03-16 13:07:25,739 WARN received SIGQUIT indicating exit request
2026-03-16 13:07:25,740 INFO waiting for php-fpm, queue, timer to die
2026-03-16 13:07:25,883 INFO stopped: timer (exit status 0)
2026-03-16 13:07:25,884 INFO stopped: queue (terminated by SIGTERM)
2026-03-16 13:07:25,891 INFO stopped: php-fpm (exit status 0)
2026-03-16 13:07:25,891 INFO reaped unknown pid 188 (exit status 255)
2026-03-16 13:10:05,503 CRIT Supervisor is running as root.  Privileges were not dropped because no user is specified in the config file.  If you intend to run as root, you can set user=root in the config file to avoid this message.
2026-03-16 13:10:05,508 INFO supervisord started with pid 1
2026-03-16 13:10:06,510 INFO spawned: 'php-fpm' with pid 7
2026-03-16 13:10:06,511 INFO spawned: 'queue' with pid 8
2026-03-16 13:10:06,512 INFO spawned: 'timer' with pid 9
2026-03-16 13:10:06,514 INFO spawned: 'workerman' with pid 10
2026-03-16 13:10:07,088 INFO exited: workerman (exit status 0; not expected)
2026-03-16 13:10:07,089 INFO reaped unknown pid 15 (exit status 0)
2026-03-16 13:10:07,090 INFO gave up: workerman entered FATAL state, too many start retries too quickly
2026-03-16 13:10:08,102 INFO success: php-fpm entered RUNNING state, process has stayed up for > than 1 seconds (startsecs)
2026-03-16 13:10:08,102 INFO success: queue entered RUNNING state, process has stayed up for > than 1 seconds (startsecs)
2026-03-16 13:10:08,102 INFO success: timer entered RUNNING state, process has stayed up for > than 1 seconds (startsecs)
2026-03-16 13:13:21,389 WARN received SIGQUIT indicating exit request
2026-03-16 13:13:21,389 INFO waiting for php-fpm, queue, timer to die
2026-03-16 13:13:21,517 INFO stopped: timer (exit status 0)
2026-03-16 13:13:21,519 INFO stopped: queue (terminated by SIGTERM)
2026-03-16 13:13:21,521 INFO reaped unknown pid 148 (exit status 0)
2026-03-16 13:13:21,529 INFO stopped: php-fpm (exit status 0)
2026-03-16 13:13:27,941 CRIT Supervisor is running as root.  Privileges were not dropped because no user is specified in the config file.  If you intend to run as root, you can set user=root in the config file to avoid this message.
2026-03-16 13:13:27,944 INFO supervisord started with pid 1
2026-03-16 13:13:28,946 INFO spawned: 'php-fpm' with pid 7
2026-03-16 13:13:28,949 INFO spawned: 'queue' with pid 8
2026-03-16 13:13:28,951 INFO spawned: 'timer' with pid 9
2026-03-16 13:13:28,953 INFO spawned: 'workerman' with pid 10
2026-03-16 13:13:29,428 INFO exited: workerman (exit status 0; not expected)
2026-03-16 13:13:29,429 INFO reaped unknown pid 15 (exit status 0)
2026-03-16 13:13:29,430 INFO gave up: workerman entered FATAL state, too many start retries too quickly
2026-03-16 13:13:30,432 INFO success: php-fpm entered RUNNING state, process has stayed up for > than 1 seconds (startsecs)
2026-03-16 13:13:30,433 INFO success: queue entered RUNNING state, process has stayed up for > than 1 seconds (startsecs)
2026-03-16 13:13:30,433 INFO success: timer entered RUNNING state, process has stayed up for > than 1 seconds (startsecs)
2026-03-16 13:27:19,527 WARN received SIGQUIT indicating exit request
2026-03-16 13:27:19,528 INFO waiting for php-fpm, queue, timer to die
2026-03-16 13:27:38,008 CRIT Supervisor is running as root.  Privileges were not dropped because no user is specified in the config file.  If you intend to run as root, you can set user=root in the config file to avoid this message.
2026-03-16 13:27:38,011 INFO supervisord started with pid 1
2026-03-16 13:27:39,013 INFO spawned: 'php-fpm' with pid 7
2026-03-16 13:27:39,015 INFO spawned: 'queue' with pid 8
2026-03-16 13:27:39,018 INFO spawned: 'timer' with pid 9
2026-03-16 13:27:39,025 INFO spawned: 'workerman' with pid 10
2026-03-16 13:27:39,417 INFO exited: workerman (exit status 0; not expected)
2026-03-16 13:27:39,418 INFO reaped unknown pid 15 (exit status 0)
2026-03-16 13:27:39,418 INFO gave up: workerman entered FATAL state, too many start retries too quickly
2026-03-16 13:27:40,422 INFO success: php-fpm entered RUNNING state, process has stayed up for > than 1 seconds (startsecs)
2026-03-16 13:27:40,422 INFO success: queue entered RUNNING state, process has stayed up for > than 1 seconds (startsecs)
2026-03-16 13:27:40,422 INFO success: timer entered RUNNING state, process has stayed up for > than 1 seconds (startsecs)
2026-03-16 13:30:25,215 WARN received SIGQUIT indicating exit request
2026-03-16 13:30:25,223 INFO waiting for php-fpm, queue, timer to die
2026-03-16 13:30:27,452 CRIT Supervisor is running as root.  Privileges were not dropped because no user is specified in the config file.  If you intend to run as root, you can set user=root in the config file to avoid this message.
2026-03-16 13:30:27,454 INFO supervisord started with pid 1
2026-03-16 13:30:28,457 INFO spawned: 'php-fpm' with pid 7
2026-03-16 13:30:28,459 INFO spawned: 'queue' with pid 8
2026-03-16 13:30:28,461 INFO spawned: 'timer' with pid 9
2026-03-16 13:30:28,462 INFO spawned: 'workerman' with pid 10
2026-03-16 13:30:28,857 INFO exited: workerman (exit status 0; not expected)
2026-03-16 13:30:28,858 INFO reaped unknown pid 15 (exit status 0)
2026-03-16 13:30:28,858 INFO gave up: workerman entered FATAL state, too many start retries too quickly
2026-03-16 13:30:29,861 INFO success: php-fpm entered RUNNING state, process has stayed up for > than 1 seconds (startsecs)
2026-03-16 13:30:29,861 INFO success: queue entered RUNNING state, process has stayed up for > than 1 seconds (startsecs)
2026-03-16 13:30:29,861 INFO success: timer entered RUNNING state, process has stayed up for > than 1 seconds (startsecs)
2026-03-16 13:43:16,093 WARN received SIGQUIT indicating exit request
2026-03-16 13:43:16,096 INFO waiting for php-fpm, queue, timer to die
2026-03-18 11:57:17,831 CRIT Supervisor is running as root.  Privileges were not dropped because no user is specified in the config file.  If you intend to run as root, you can set user=root in the config file to avoid this message.
2026-03-18 11:57:17,834 INFO supervisord started with pid 1
2026-03-18 11:57:18,836 INFO spawned: 'php-fpm' with pid 7
2026-03-18 11:57:18,838 INFO spawned: 'queue' with pid 8
2026-03-18 11:57:18,839 INFO spawned: 'timer' with pid 9
2026-03-18 11:57:18,840 INFO spawned: 'workerman' with pid 10
2026-03-18 11:57:19,363 INFO exited: workerman (exit status 0; not expected)
2026-03-18 11:57:19,364 INFO reaped unknown pid 15 (exit status 0)
2026-03-18 11:57:19,364 INFO gave up: workerman entered FATAL state, too many start retries too quickly
2026-03-18 11:57:20,367 INFO success: php-fpm entered RUNNING state, process has stayed up for > than 1 seconds (startsecs)
2026-03-18 11:57:20,368 INFO success: queue entered RUNNING state, process has stayed up for > than 1 seconds (startsecs)
2026-03-18 11:57:20,368 INFO success: timer entered RUNNING state, process has stayed up for > than 1 seconds (startsecs)
2026-03-18 12:40:26,186 WARN received SIGQUIT indicating exit request
2026-03-18 12:40:26,189 INFO waiting for php-fpm, queue, timer to die
2026-03-18 12:40:28,095 CRIT Supervisor is running as root.  Privileges were not dropped because no user is specified in the config file.  If you intend to run as root, you can set user=root in the config file to avoid this message.
2026-03-18 12:40:28,100 INFO supervisord started with pid 1
2026-03-18 12:40:29,101 INFO spawned: 'php-fpm' with pid 7
2026-03-18 12:40:29,102 INFO spawned: 'queue' with pid 8
2026-03-18 12:40:29,106 INFO spawned: 'timer' with pid 9
2026-03-18 12:40:29,109 INFO spawned: 'workerman' with pid 10
2026-03-18 12:40:29,458 INFO exited: workerman (exit status 0; not expected)
2026-03-18 12:40:29,458 INFO reaped unknown pid 15 (exit status 0)
2026-03-18 12:40:29,459 INFO gave up: workerman entered FATAL state, too many start retries too quickly
2026-03-18 12:40:30,466 INFO success: php-fpm entered RUNNING state, process has stayed up for > than 1 seconds (startsecs)
2026-03-18 12:40:30,467 INFO success: queue entered RUNNING state, process has stayed up for > than 1 seconds (startsecs)
2026-03-18 12:40:30,468 INFO success: timer entered RUNNING state, process has stayed up for > than 1 seconds (startsecs)
2026-03-18 15:36:00,001 WARN received SIGQUIT indicating exit request
2026-03-18 15:36:00,003 INFO waiting for php-fpm, queue, timer to die
2026-03-18 15:36:02,472 CRIT Supervisor is running as root.  Privileges were not dropped because no user is specified in the config file.  If you intend to run as root, you can set user=root in the config file to avoid this message.
2026-03-18 15:36:02,475 INFO supervisord started with pid 1
2026-03-18 15:36:03,477 INFO spawned: 'php-fpm' with pid 7
2026-03-18 15:36:03,478 INFO spawned: 'queue' with pid 8
2026-03-18 15:36:03,479 INFO spawned: 'timer' with pid 9
2026-03-18 15:36:03,480 INFO spawned: 'workerman' with pid 10
2026-03-18 15:36:04,214 INFO exited: workerman (exit status 0; not expected)
2026-03-18 15:36:04,214 INFO reaped unknown pid 15 (exit status 0)
2026-03-18 15:36:04,215 INFO gave up: workerman entered FATAL state, too many start retries too quickly
2026-03-18 15:36:05,217 INFO success: php-fpm entered RUNNING state, process has stayed up for > than 1 seconds (startsecs)
2026-03-18 15:36:05,218 INFO success: queue entered RUNNING state, process has stayed up for > than 1 seconds (startsecs)
2026-03-18 15:36:05,218 INFO success: timer entered RUNNING state, process has stayed up for > than 1 seconds (startsecs)
2026-03-18 15:36:42,802 WARN received SIGQUIT indicating exit request
2026-03-18 15:36:42,803 INFO waiting for php-fpm, queue, timer to die
2026-03-18 15:36:42,917 INFO stopped: timer (exit status 0)
2026-03-18 15:36:42,918 INFO stopped: queue (terminated by SIGTERM)
2026-03-18 15:36:42,924 INFO stopped: php-fpm (exit status 0)
2026-03-18 15:39:06,555 CRIT Supervisor is running as root.  Privileges were not dropped because no user is specified in the config file.  If you intend to run as root, you can set user=root in the config file to avoid this message.
2026-03-18 15:39:06,559 INFO supervisord started with pid 1
2026-03-18 15:39:07,562 INFO spawned: 'php-fpm' with pid 7
2026-03-18 15:39:07,563 INFO spawned: 'queue' with pid 8
2026-03-18 15:39:07,593 INFO spawned: 'timer' with pid 11
2026-03-18 15:39:07,597 INFO spawned: 'workerman' with pid 12
2026-03-18 15:39:08,009 INFO exited: workerman (exit status 0; not expected)
2026-03-18 15:39:08,009 INFO reaped unknown pid 15 (exit status 0)
2026-03-18 15:39:08,009 INFO gave up: workerman entered FATAL state, too many start retries too quickly
2026-03-18 15:39:09,013 INFO success: php-fpm entered RUNNING state, process has stayed up for > than 1 seconds (startsecs)
2026-03-18 15:39:09,013 INFO success: queue entered RUNNING state, process has stayed up for > than 1 seconds (startsecs)
2026-03-18 15:39:09,013 INFO success: timer entered RUNNING state, process has stayed up for > than 1 seconds (startsecs)
2026-03-18 15:58:11,513 INFO exited: queue (exit status 1; not expected)
2026-03-18 15:58:12,525 INFO spawned: 'queue' with pid 244
2026-03-18 15:58:13,711 INFO success: queue entered RUNNING state, process has stayed up for > than 1 seconds (startsecs)
2026-03-18 16:51:14,521 WARN received SIGQUIT indicating exit request
2026-03-18 16:51:14,523 INFO waiting for php-fpm, queue, timer to die
2026-03-18 16:51:14,957 INFO stopped: timer (exit status 0)
2026-03-18 16:51:14,959 INFO stopped: queue (terminated by SIGTERM)
2026-03-18 16:51:14,960 INFO reaped unknown pid 4254 (exit status 1)
2026-03-18 16:51:14,965 INFO stopped: php-fpm (exit status 0)
2026-03-18 16:51:16,301 CRIT Supervisor is running as root.  Privileges were not dropped because no user is specified in the config file.  If you intend to run as root, you can set user=root in the config file to avoid this message.
2026-03-18 16:51:16,304 INFO supervisord started with pid 1
2026-03-18 16:51:17,307 INFO spawned: 'php-fpm' with pid 7
2026-03-18 16:51:17,308 INFO spawned: 'queue' with pid 8
2026-03-18 16:51:17,311 INFO spawned: 'timer' with pid 9
2026-03-18 16:51:17,312 INFO spawned: 'workerman' with pid 10
2026-03-18 16:51:17,891 INFO exited: workerman (exit status 0; not expected)
2026-03-18 16:51:17,891 INFO reaped unknown pid 15 (exit status 0)
2026-03-18 16:51:17,892 INFO gave up: workerman entered FATAL state, too many start retries too quickly
2026-03-18 16:51:18,314 INFO success: php-fpm entered RUNNING state, process has stayed up for > than 1 seconds (startsecs)
2026-03-18 16:51:18,314 INFO success: queue entered RUNNING state, process has stayed up for > than 1 seconds (startsecs)
2026-03-18 16:51:18,314 INFO success: timer entered RUNNING state, process has stayed up for > than 1 seconds (startsecs)
2026-03-18 16:54:03,618 WARN received SIGQUIT indicating exit request
2026-03-18 16:54:03,619 INFO waiting for php-fpm, queue, timer to die
2026-03-18 16:54:03,998 INFO stopped: timer (exit status 0)
2026-03-18 16:54:04,001 INFO stopped: queue (terminated by SIGTERM)
2026-03-18 16:54:04,002 INFO reaped unknown pid 4999 (exit status 1)
2026-03-18 16:54:04,011 INFO stopped: php-fpm (exit status 0)
2026-03-18 16:55:52,296 CRIT Supervisor is running as root.  Privileges were not dropped because no user is specified in the config file.  If you intend to run as root, you can set user=root in the config file to avoid this message.
2026-03-18 16:55:52,299 INFO supervisord started with pid 1
2026-03-18 16:55:53,301 INFO spawned: 'php-fpm' with pid 7
2026-03-18 16:55:53,303 INFO spawned: 'queue' with pid 8
2026-03-18 16:55:53,304 INFO spawned: 'timer' with pid 9
2026-03-18 16:55:53,336 INFO spawned: 'workerman' with pid 12
2026-03-18 16:55:53,862 INFO exited: workerman (exit status 0; not expected)
2026-03-18 16:55:53,863 INFO reaped unknown pid 15 (exit status 0)
2026-03-18 16:55:53,863 INFO gave up: workerman entered FATAL state, too many start retries too quickly
2026-03-18 16:55:54,322 INFO success: php-fpm entered RUNNING state, process has stayed up for > than 1 seconds (startsecs)
2026-03-18 16:55:54,322 INFO success: queue entered RUNNING state, process has stayed up for > than 1 seconds (startsecs)
2026-03-18 16:55:54,323 INFO success: timer entered RUNNING state, process has stayed up for > than 1 seconds (startsecs)
2026-03-18 16:56:15,735 WARN received SIGQUIT indicating exit request
2026-03-18 16:56:15,736 INFO waiting for php-fpm, queue, timer to die
2026-03-18 16:56:15,888 INFO stopped: timer (exit status 0)
2026-03-18 16:56:15,889 INFO stopped: queue (terminated by SIGTERM)
2026-03-18 16:56:15,892 INFO stopped: php-fpm (exit status 0)
2026-03-18 17:05:50,399 CRIT Supervisor is running as root.  Privileges were not dropped because no user is specified in the config file.  If you intend to run as root, you can set user=root in the config file to avoid this message.
2026-03-18 17:05:50,404 INFO supervisord started with pid 1
2026-03-18 17:05:51,407 INFO spawned: 'php-fpm' with pid 7
2026-03-18 17:05:51,409 INFO spawned: 'queue' with pid 8
2026-03-18 17:05:51,410 INFO spawned: 'timer' with pid 9
2026-03-18 17:05:51,413 INFO spawned: 'workerman' with pid 10
2026-03-18 17:05:52,488 INFO success: php-fpm entered RUNNING state, process has stayed up for > than 1 seconds (startsecs)
2026-03-18 17:05:52,489 INFO success: queue entered RUNNING state, process has stayed up for > than 1 seconds (startsecs)
2026-03-18 17:05:52,492 INFO success: timer entered RUNNING state, process has stayed up for > than 1 seconds (startsecs)
2026-03-18 17:05:52,493 INFO success: workerman entered RUNNING state, process has stayed up for > than 1 seconds (startsecs)
2026-03-18 17:05:52,683 INFO exited: workerman (exit status 0; expected)
2026-03-18 17:05:52,683 INFO reaped unknown pid 15 (exit status 0)
2026-03-18 17:06:06,712 WARN received SIGQUIT indicating exit request
2026-03-18 17:06:06,712 INFO waiting for php-fpm, queue, timer to die
2026-03-18 17:06:07,013 INFO stopped: timer (exit status 0)
2026-03-18 17:06:07,014 INFO stopped: queue (terminated by SIGTERM)
2026-03-18 17:06:07,014 INFO reaped unknown pid 407 (exit status 1)
2026-03-18 17:06:07,017 INFO stopped: php-fpm (exit status 0)
2026-03-18 17:08:39,097 CRIT Supervisor is running as root.  Privileges were not dropped because no user is specified in the config file.  If you intend to run as root, you can set user=root in the config file to avoid this message.
2026-03-18 17:08:39,100 INFO supervisord started with pid 1
2026-03-18 17:08:40,103 INFO spawned: 'php-fpm' with pid 7
2026-03-18 17:08:40,104 INFO spawned: 'queue' with pid 8
2026-03-18 17:08:40,105 INFO spawned: 'timer' with pid 9
2026-03-18 17:08:40,106 INFO spawned: 'workerman' with pid 10
2026-03-18 17:08:40,612 INFO exited: workerman (exit status 0; not expected)
2026-03-18 17:08:40,613 INFO reaped unknown pid 15 (exit status 0)
2026-03-18 17:08:40,615 INFO gave up: workerman entered FATAL state, too many start retries too quickly
2026-03-18 17:08:41,192 INFO success: php-fpm entered RUNNING state, process has stayed up for > than 1 seconds (startsecs)
2026-03-18 17:08:41,192 INFO success: queue entered RUNNING state, process has stayed up for > than 1 seconds (startsecs)
2026-03-18 17:08:41,192 INFO success: timer entered RUNNING state, process has stayed up for > than 1 seconds (startsecs)
2026-03-18 17:20:14,056 WARN received SIGQUIT indicating exit request
2026-03-18 17:20:14,061 INFO waiting for php-fpm, queue, timer to die
2026-03-23 16:25:56,645 CRIT Supervisor is running as root.  Privileges were not dropped because no user is specified in the config file.  If you intend to run as root, you can set user=root in the config file to avoid this message.
2026-03-23 16:25:56,648 INFO supervisord started with pid 1
2026-03-23 16:25:57,651 INFO spawned: 'php-fpm' with pid 7
2026-03-23 16:25:57,652 INFO spawned: 'queue' with pid 8
2026-03-23 16:25:57,654 INFO spawned: 'timer' with pid 9
2026-03-23 16:25:57,656 INFO spawned: 'workerman' with pid 10
2026-03-23 16:25:58,553 INFO exited: workerman (exit status 0; not expected)
2026-03-23 16:25:58,553 INFO reaped unknown pid 15 (exit status 0)
2026-03-23 16:25:58,553 INFO gave up: workerman entered FATAL state, too many start retries too quickly
2026-03-23 16:25:58,715 INFO success: php-fpm entered RUNNING state, process has stayed up for > than 1 seconds (startsecs)
2026-03-23 16:25:58,716 INFO success: queue entered RUNNING state, process has stayed up for > than 1 seconds (startsecs)
2026-03-23 16:25:58,717 INFO success: timer entered RUNNING state, process has stayed up for > than 1 seconds (startsecs)
2026-03-23 17:57:43,239 WARN received SIGQUIT indicating exit request
2026-03-23 17:57:43,272 INFO waiting for php-fpm, queue, timer to die
