2026-05-23 00:54:42|info|[ VIEW ] /var/www/crmeb/public/mobile.html [ array (
  0 => 'siteName',
  1 => 'siteUrl',
) ]
2026-05-23 00:54:42|info|[ VIEW ] /var/www/crmeb/public/index.html [ array (
) ]
2026-05-23 00:56:51|info|[ VIEW ] /var/www/crmeb/public/mobile.html [ array (
  0 => 'siteName',
  1 => 'siteUrl',
) ]
2026-05-23 00:56:52|info|[ VIEW ] /var/www/crmeb/public/index.html [ array (
) ]
2026-05-23 01:03:46|info|[ VIEW ] /var/www/crmeb/public/index.html [ array (
) ]
2026-05-23 01:08:35|info|[ VIEW ] /var/www/crmeb/public/mobile.html [ array (
  0 => 'siteName',
  1 => 'siteUrl',
) ]
2026-05-23 01:08:35|info|[ VIEW ] /var/www/crmeb/public/index.html [ array (
) ]
2026-05-23 01:09:24|info|[ VIEW ] /var/www/crmeb/public/mobile.html [ array (
  0 => 'siteName',
  1 => 'siteUrl',
) ]
2026-05-23 01:09:24|info|[ VIEW ] /var/www/crmeb/public/index.html [ array (
) ]
2026-05-23 01:09:28|info|[ VIEW ] /var/www/crmeb/public/mobile.html [ array (
  0 => 'siteName',
  1 => 'siteUrl',
) ]
2026-05-23 01:09:28|info|[ VIEW ] /var/www/crmeb/public/index.html [ array (
) ]
2026-05-23 01:09:29|info|[ VIEW ] /var/www/crmeb/public/mobile.html [ array (
  0 => 'siteName',
  1 => 'siteUrl',
) ]
2026-05-23 01:09:29|info|[ VIEW ] /var/www/crmeb/public/index.html [ array (
) ]
2026-05-23 01:10:47|info|[ VIEW ] /var/www/crmeb/public/mobile.html [ array (
  0 => 'siteName',
  1 => 'siteUrl',
) ]
2026-05-23 01:10:47|info|[ VIEW ] /var/www/crmeb/public/index.html [ array (
) ]
2026-05-23 01:10:58|info|[ VIEW ] /var/www/crmeb/public/mobile.html [ array (
  0 => 'siteName',
  1 => 'siteUrl',
) ]
2026-05-23 01:10:58|info|[ VIEW ] /var/www/crmeb/public/index.html [ array (
) ]
2026-05-23 01:11:16|info|[ VIEW ] /var/www/crmeb/public/mobile.html [ array (
  0 => 'siteName',
  1 => 'siteUrl',
) ]
2026-05-23 01:11:16|info|[ VIEW ] /var/www/crmeb/public/index.html [ array (
) ]
2026-05-23 01:11:22|info|[ VIEW ] /var/www/crmeb/public/mobile.html [ array (
  0 => 'siteName',
  1 => 'siteUrl',
) ]
2026-05-23 01:11:22|info|[ VIEW ] /var/www/crmeb/public/index.html [ array (
) ]
2026-05-23 01:13:49|info|[ VIEW ] /var/www/crmeb/public/index.html [ array (
) ]
2026-05-23 01:13:51|info|[ VIEW ] /var/www/crmeb/public/index.html [ array (
) ]
2026-05-23 01:15:16|info|[ VIEW ] /var/www/crmeb/public/mobile.html [ array (
  0 => 'siteName',
  1 => 'siteUrl',
) ]
2026-05-23 01:15:16|info|[ VIEW ] /var/www/crmeb/public/index.html [ array (
) ]
2026-05-23 01:19:09|info|[ VIEW ] /var/www/crmeb/public/mobile.html [ array (
  0 => 'siteName',
  1 => 'siteUrl',
) ]
2026-05-23 01:19:09|info|[ VIEW ] /var/www/crmeb/public/index.html [ array (
) ]
2026-05-23 01:29:15|info|[ VIEW ] /var/www/crmeb/public/mobile.html [ array (
  0 => 'siteName',
  1 => 'siteUrl',
) ]
2026-05-23 01:29:15|info|[ VIEW ] /var/www/crmeb/public/index.html [ array (
) ]
2026-05-23 16:43:34|info|[ VIEW ] /var/www/crmeb/public/mobile.html [ array (
  0 => 'siteName',
  1 => 'siteUrl',
) ]
2026-05-23 16:44:09|info|[ VIEW ] /var/www/crmeb/public/mobile.html [ array (
  0 => 'siteName',
  1 => 'siteUrl',
) ]
2026-05-23 16:44:09|info|[ VIEW ] /var/www/crmeb/public/index.html [ array (
) ]
2026-05-23 16:44:28|info|[ VIEW ] /var/www/crmeb/public/admin/index.html [ array (
) ]
2026-05-23 16:44:28|info|[ VIEW ] /var/www/crmeb/public/admin/index.html [ array (
) ]
2026-05-23 16:44:28|info|[ VIEW ] /var/www/crmeb/public/admin/index.html [ array (
) ]
2026-05-23 19:50:04|info|[ VIEW ] /var/www/crmeb/public/mobile.html [ array (
  0 => 'siteName',
  1 => 'siteUrl',
) ]
2026-05-23 19:50:04|info|[ VIEW ] /var/www/crmeb/public/index.html [ array (
) ]
2026-05-23 19:52:47|info|[ VIEW ] /var/www/crmeb/public/admin/index.html [ array (
) ]
2026-05-23 19:52:47|info|[ VIEW ] /var/www/crmeb/public/admin/index.html [ array (
) ]
2026-05-23 19:52:50|info|[ VIEW ] /var/www/crmeb/public/admin/index.html [ array (
) ]
2026-05-23 19:52:50|info|[ VIEW ] /var/www/crmeb/public/admin/index.html [ array (
) ]
2026-05-23 19:52:52|info|[ VIEW ] /var/www/crmeb/public/admin/index.html [ array (
) ]
