2026-05-25 15:09:37|info|[ VIEW ] /var/www/crmeb/public/mobile.html [ array (
  0 => 'siteName',
  1 => 'siteUrl',
) ]
2026-05-25 15:09:37|info|[ VIEW ] /var/www/crmeb/public/index.html [ array (
) ]
2026-05-25 15:09:42|info|[ VIEW ] /var/www/crmeb/public/admin/index.html [ array (
) ]
2026-05-25 15:09:42|info|[ VIEW ] /var/www/crmeb/public/admin/index.html [ array (
) ]
2026-05-25 15:09:43|info|[ VIEW ] /var/www/crmeb/public/admin/index.html [ array (
) ]
2026-05-25 18:55:29|info|[ VIEW ] /var/www/crmeb/public/mobile.html [ array (
  0 => 'siteName',
  1 => 'siteUrl',
) ]
2026-05-25 18:55:29|info|[ VIEW ] /var/www/crmeb/public/index.html [ array (
) ]
2026-05-25 19:03:53|info|[ VIEW ] /var/www/crmeb/public/mobile.html [ array (
  0 => 'siteName',
  1 => 'siteUrl',
) ]
2026-05-25 19:03:53|info|[ VIEW ] /var/www/crmeb/public/index.html [ array (
) ]
